<?xml version="1.0" encoding="UTF-8"?>
<!-- Generated by org.testng.reporters.JUnitXMLReporter -->
<testsuite ignored="0" hostname="Shivani" failures="1" tests="3" name="Test" time="0.551" errors="0" timestamp="2024-11-25T11:56:53 IST">
  <testcase classname="com.test1.work.extentReport" name="launchBrowser" time="0.01"/>
  <testcase classname="com.test1.work.extentReport" name="verifyTittle" time="0.004">
    <failure type="java.lang.AssertionError" message="expected [true] but found [false]">
      <![CDATA[java.lang.AssertionError: expected [true] but found [false]
at com.test1.work.extentReport.verifyTittle(extentReport.java:51)
at java.base/java.util.ArrayList.forEach(ArrayList.java:1597)
... Removed 29 stack frames]]>
    </failure>
  </testcase> <!-- verifyTittle -->
  <testcase classname="com.test1.work.extentReport" name="verifyemail" time="0.003">
    <skipped/>
  </testcase> <!-- verifyemail -->
</testsuite> <!-- Test -->
